C51 COMPILER V9.54   BH1750FVI                                                             05/29/2022 01:03:50 PAGE 1   


C51 COMPILER V9.54, COMPILATION OF MODULE BH1750FVI
OBJECT MODULE PLACED IN .\Objects\BH1750FVI.obj
COMPILER INVOKED BY: D:\KEIL\C51\BIN\C51.EXE Src\BH1750FVI.c OPTIMIZE(8,SPEED) BROWSE INCDIR(.\Include) DEBUG OBJECTEXTE
                    -ND PRINT(.\Listings\BH1750FVI.lst) TABS(2) OBJECT(.\Objects\BH1750FVI.obj)

line level    source

   1          #include"BH1750FVI.h"
   2          #include"uart.h"
   3          #include<reg52.h>
   4          #include <intrins.h>
   5          #include"time.h"
   6          #include"delay.h"
   7           
   8          sbit SDA=P2^0;
   9          sbit SCL=P2^1;
  10           
  11          typedef   unsigned char BYTE;
  12          BYTE BUF[8];
  13           
  14          unsigned char num;
  15          unsigned char a,b,sec,count;
  16          unsigned char ge,shi,bai,qian,wan;            //显示变量
  17           
  18          int dis_data,dis_data1;                       //变量
  19           
  20          //初始化
  21          void BH1750_init()
  22          {
  23   1          Single_Write_BH1750(0x01);
  24   1      }
  25           
  26          
  27          //IIC发送起始信号
  28          void BH1750_Start()
  29          {
  30   1          SDA=1;
  31   1          NOP();
  32   1          SCL=1;
  33   1          NOP();
  34   1          SDA=0;
  35   1          NOP();
  36   1          SCL=0;
  37   1          NOP();
  38   1      }
  39           
  40          //IIC发送停止信号
  41          void BH1750_Stop()
  42          {
  43   1          SDA=0;
  44   1          NOP();
  45   1          SCL=1;
  46   1          NOP();
  47   1          SDA=1;
  48   1          NOP();
  49   1      }
  50           
  51          //写入一个字节
  52          void BH1750_Write_Byte(unsigned char dat)
  53          {
  54   1          unsigned char i,temp;
C51 COMPILER V9.54   BH1750FVI                                                             05/29/2022 01:03:50 PAGE 2   

  55   1          temp=dat;
  56   1          for(i=0;i<8;i++)
  57   1          {
  58   2            temp=temp<<1;
  59   2            SDA=CY;
  60   2            NOP();
  61   2            SCL=1;
  62   2            NOP();
  63   2            SCL=0;
  64   2            NOP();
  65   2          }
  66   1          SDA=0;  //注意：以下6句不可少，否则读到的数据是不正常的，如00212等
  67   1          NOP();
  68   1          SCL=1;
  69   1          NOP();
  70   1          SCL=0;  
  71   1          NOP();
  72   1      }
  73           
  74          //IIC读取一个字节
  75          unsigned char BH1750_Read_Byte()
  76          {
  77   1          unsigned char i,x=0;
  78   1          SDA=1;
  79   1          NOP();
  80   1          for(i=0;i<8;i++)
  81   1          {
  82   2          x=x<<1;
  83   2          SCL=1;
  84   2          NOP();
  85   2          x=x|SDA;
  86   2          SCL=0;
  87   2          NOP();
  88   2          }
  89   1          return x;
  90   1      }
  91           
  92          //响应
  93          void Responds()
  94          {
  95   1          SDA=0;
  96   1          NOP();
  97   1          SCL=1;
  98   1          NOP();
  99   1          SCL=0;
 100   1          NOP();
 101   1      }
 102          
 103          //无响应
 104          void No_Responds()
 105          {
 106   1          SDA=1;
 107   1          NOP();
 108   1          SCL=1;
 109   1          NOP();
 110   1          SCL=0;
 111   1          NOP();
 112   1      }
 113           
 114          void Single_Write_BH1750(unsigned char reg_address)
 115          {
 116   1          BH1750_Start();
C51 COMPILER V9.54   BH1750FVI                                                             05/29/2022 01:03:50 PAGE 3   

 117   1          BH1750_Write_Byte(0x46);
 118   1          BH1750_Write_Byte(reg_address);
 119   1          BH1750_Stop();
 120   1      }
 121           
 122          void Multiple_Read_BH1750(void)
 123          {
 124   1          unsigned char i;
 125   1          BH1750_Start();
 126   1          BH1750_Write_Byte(0x47);
 127   1          for(i=0;i<2;i++)                      //连续读取2个地址数据，存储中BUF
 128   1              {
 129   2                  BUF[i]=BH1750_Read_Byte();    //BUF[0]存储0x32地址中的数据
 130   2                  if (i == 1)
 131   2                 {
 132   3                   No_Responds();               //最后一个数据需要回NOACK
 133   3                  }
 134   2                 else
 135   2                 { 
 136   3                   Responds();                  //回应ACK
 137   3                 }
 138   2             }
 139   1              BH1750_Stop();                          //停止信号
 140   1              Delay(5);
 141   1      }
 142           
 143          //获得传感器的数据
 144          float Get_BH1750_Data()
 145          {
 146   1           float temp;
 147   1           EA=0;
 148   1           BH1750_init();
 149   1           Single_Write_BH1750(0x01);
 150   1           Single_Write_BH1750(0x10);
 151   1           Delay(180);
 152   1           Multiple_Read_BH1750();
 153   1           dis_data=BUF[0];
 154   1           dis_data=(dis_data<<8)+BUF[1];         //合成数据，即光照数据
 155   1           temp=(float)dis_data/1.2;
 156   1           EA=1;
 157   1           return temp; 
 158   1      }
 159           
 160          
 161          


MODULE INFORMATION:   STATIC OVERLAYABLE
   CODE SIZE        =    301    ----
   CONSTANT SIZE    =   ----    ----
   XDATA SIZE       =   ----    ----
   PDATA SIZE       =   ----    ----
   DATA SIZE        =     22       6
   IDATA SIZE       =   ----    ----
   BIT SIZE         =   ----    ----
END OF MODULE INFORMATION.


C51 COMPILATION COMPLETE.  0 WARNING(S),  0 ERROR(S)
