C51 COMPILER V9.54   DS18B20                                                               05/29/2022 01:03:50 PAGE 1   


C51 COMPILER V9.54, COMPILATION OF MODULE DS18B20
OBJECT MODULE PLACED IN .\Objects\DS18B20.obj
COMPILER INVOKED BY: D:\KEIL\C51\BIN\C51.EXE Src\DS18B20.c OPTIMIZE(8,SPEED) BROWSE INCDIR(.\Include) DEBUG OBJECTEXTEND
                    - PRINT(.\Listings\DS18B20.lst) TABS(2) OBJECT(.\Objects\DS18B20.obj)

line level    source

   1          /*
   2            这里建议不要直接借鉴
   3            虽然能运行，但个人建议最好阅读芯片或者器件的数据手册
   4            这样像遇到新的传感器或者器件，都可以快速上手
   5          */
   6          
   7          #include"DS18B20.h"
   8          #include"reg52.h"
   9          #include"delay.h"
  10          #include"uart.h"
  11          #include"time.h"
  12          
  13          sbit DQ=P2^2;  //定义数据线
  14          
  15          //DS18B20初始化
  16          bit DS18B20_init()
  17          { 
  18   1         bit dat=0;
  19   1         DQ = 1;        //DQ复位
  20   1         delay_us(5);   //稍做延时
  21   1         DQ = 0;         //单片机将DQ拉低
  22   1         delay_us(200); //精确延时 大于 480us 小于960us
  23   1         delay_us(200);
  24   1         DQ = 1;        //拉高总线
  25   1         delay_us(50);  //15~60us 后 接收60-240us的存在脉冲
  26   1         dat=DQ;        //如果x=0则初始化成功, x=1则初始化失败
  27   1         delay_us(25);  //稍作延时返回
  28   1         return dat;
  29   1      }
  30          
  31          //写入一个字节
  32          void write_byte(unsigned char dat)   //写一个字节
  33          {
  34   1       unsigned char i=0;
  35   1       for (i=8; i>0; i--)
  36   1       {
  37   2        DQ = 0;
  38   2        DQ = dat&0x01;
  39   2        delay_us(25);
  40   2        DQ = 1;
  41   2        dat>>=1;
  42   2       }
  43   1        delay_us(25);
  44   1      }
  45          
  46          //读一个字节
  47          unsigned char read_byte()    
  48          {
  49   1        unsigned char i=0;
  50   1        unsigned char dat = 0;
  51   1        for (i=8;i>0;i--)
  52   1         {
  53   2          DQ = 0; // 给脉冲信号
  54   2          dat>>=1;
C51 COMPILER V9.54   DS18B20                                                               05/29/2022 01:03:50 PAGE 2   

  55   2          DQ = 1; // 给脉冲信号
  56   2          if(DQ)
  57   2          dat|=0x80;
  58   2          delay_us(25);
  59   2         }
  60   1         return(dat);
  61   1      
  62   1      }
  63          
  64          //读取温度（未转换后的）
  65          //这里主要是看数据手册进行操作，按照正确的时序来读取数据
  66          unsigned int read_temper ()
  67          {
  68   1        unsigned char a=0;
  69   1        unsigned int b=0;
  70   1        unsigned int t=0;
  71   1        DS18B20_init();
  72   1        write_byte(0xCC); // 跳过读序号列号的操作
  73   1        write_byte(0x44); // 启动温度转换
  74   1        DelayMs(10);
  75   1        DS18B20_init();
  76   1        write_byte(0xCC); //跳过读序号列号的操作
  77   1        write_byte(0xBE); //读取温度寄存器等（共可读9个寄存器） 前两个就是温度
  78   1        a=read_byte();    //低位
  79   1        b=read_byte();    //高位
  80   1        b<<=8;
  81   1        t=a+b;  
  82   1        return(t);
  83   1      }
  84          
  85          //温度转换，并返回转换后的温度
  86          float temper_change()
  87          {
  88   1          float temper;
  89   1          float tp;
  90   1          EA=0;                 //关闭中断，因为ADC用到了定时器中断，若不关中断会影响DS18B20的时序，获得错误数据
  91   1          temper=read_temper();
  92   1          if(temper>61400)      //考虑负温度的情况
  93   1          {
  94   2            temper-=61400;
  95   2            tp=temper*0.0625;   //16位温度转换成10进制的温度
  96   2            temper=tp*100+0.5;  //留两个小数点，并四舍五入
  97   2            temper*=-1;
  98   2          }
  99   1          else                  //温度为正
 100   1          {
 101   2              tp=temper*0.0625; //16位温度转换成10进制的温度
 102   2          }
 103   1          EA=1;                 //打开中断
 104   1          return temper;
 105   1      }


MODULE INFORMATION:   STATIC OVERLAYABLE
   CODE SIZE        =    372    ----
   CONSTANT SIZE    =   ----    ----
   XDATA SIZE       =   ----    ----
   PDATA SIZE       =   ----    ----
   DATA SIZE        =   ----      13
   IDATA SIZE       =   ----    ----
   BIT SIZE         =   ----       1
END OF MODULE INFORMATION.

C51 COMPILER V9.54   DS18B20                                                               05/29/2022 01:03:50 PAGE 3   


C51 COMPILATION COMPLETE.  0 WARNING(S),  0 ERROR(S)
