C51 COMPILER V9.54   UART                                                                  05/29/2022 01:03:51 PAGE 1   


C51 COMPILER V9.54, COMPILATION OF MODULE UART
OBJECT MODULE PLACED IN .\Objects\uart.obj
COMPILER INVOKED BY: D:\KEIL\C51\BIN\C51.EXE Src\uart.c OPTIMIZE(8,SPEED) BROWSE INCDIR(.\Include) DEBUG OBJECTEXTEND PR
                    -INT(.\Listings\uart.lst) TABS(2) OBJECT(.\Objects\uart.obj)

line level    source

   1          #include"uart.h"
   2          #include"reg52.h"
   3          
   4          char putchar (char c)   
   5          {        
   6   1          ES=0;        
   7   1          SBUF = c;        
   8   1          while(TI==0);        
   9   1          TI=0;        
  10   1          ES=1;        
  11   1          return 0;
  12   1      }
  13          
  14          //串口初始化
  15          void uart_init()
  16          {
  17   1        TMOD=0x21;//设置定时器1的工作方式2---8位自动装填
  18   1        TH1=0xf3;//设置初始值:使比特率为2400
  19   1        TL1=0xf3;
  20   1        TH0=0xff;
  21   1        TL0=0xfe;
  22   1        PCON=0x00;//SMOD=0，不加倍
  23   1        TR1=1;//打开定时器中断开关
  24   1        TR0=1;
  25   1        TF0 = 0;
  26   1        ET0 = 1;
  27   1        REN=1;//打开允许串行接收位
  28   1        SM0=0;//设置串行口通讯方式为方式1
  29   1        SM1=1;
  30   1        EA=1; //打开总中断
  31   1        ES=1; //打开串口通讯中断
  32   1      
  33   1      }


MODULE INFORMATION:   STATIC OVERLAYABLE
   CODE SIZE        =     51    ----
   CONSTANT SIZE    =   ----    ----
   XDATA SIZE       =   ----    ----
   PDATA SIZE       =   ----    ----
   DATA SIZE        =   ----    ----
   IDATA SIZE       =   ----    ----
   BIT SIZE         =   ----    ----
END OF MODULE INFORMATION.


C51 COMPILATION COMPLETE.  0 WARNING(S),  0 ERROR(S)
